        -:    0:Source:C:/Users/Admin/Desktop/labs/OOP_labs/OOP_labs/lab1/src/BitArray.cpp
        -:    0:Graph:C:\Users\Admin\Desktop\labs\OOP_labs\OOP_labs\lab1\cmake-build-debug-coverage\CMakeFiles\test_bitarray.dir\src\BitArray.cpp.gcno
        -:    0:Data:C:\Users\Admin\Desktop\labs\OOP_labs\OOP_labs\lab1\cmake-build-debug-coverage\CMakeFiles\test_bitarray.dir\src\BitArray.cpp.gcda
        -:    0:Runs:1
        -:    1:#include "BitArray.h"
        -:    2:
function _ZN8bitarray8BitArrayC2Ev called 1 returned 100% blocks executed 71%
        1:    3:BitArray::BitArray() {
        1:    3-block  0
call    0 returned 1
call    1 returned 1
        1:    4:    array_of_bits.push_back(0);
call    0 returned 1
branch  1 taken 1 (fallthrough)
branch  2 taken 0 (throw)
    $$$$$:    4-block  0
        1:    5:    size_array = -1; // сделать минимальнный массив
        1:    6:}
        1:    6-block  0
    $$$$$:    6-block  1
call    0 never executed
        -:    7:
        -:    8:
function _Z20bits_needed_unsignedj called 8 returned 100% blocks executed 80%
        8:    9:int bits_needed_unsigned(unsigned int n) {
       8*:   10:    if (n == 0) return 1;
        8:   10-block  0
branch  0 taken 0 (fallthrough)
branch  1 taken 8
    %%%%%:   10-block  1
        8:   11:    return static_cast<int>(std::log2(n)) + 1;
        8:   11-block  0
call    0 returned 8
        -:   12:}
        -:   13:
function _Z18reverse_first_bitsRmRKjRKi called 8 returned 100% blocks executed 100%
        8:   14:unsigned long reverse_first_bits(unsigned long &value, unsigned int const &bits_of_long, int const &num_bits) {
        8:   15:    unsigned long mask_for_new_value = 1 << (bits_of_long - 1);
        8:   16:    unsigned long mask_for_old_value = 1;
        8:   17:    unsigned long new_value = 0;
        -:   18:
      264:   19:    while (mask_for_new_value != 0) {
        8:   19-block  0
      264:   19-block  1
branch  0 taken 256
branch  1 taken 8 (fallthrough)
      256:   20:        if (value & mask_for_old_value) {
      256:   20-block  0
branch  0 taken 33 (fallthrough)
branch  1 taken 223
       33:   21:            new_value |= mask_for_new_value;
       33:   21-block  0
        -:   22:        }
      256:   23:        mask_for_new_value >>= 1;
      256:   24:        mask_for_old_value <<= 1;
      256:   24-block  0
        -:   25:    }
        8:   26:    int num_bits_for_val = bits_needed_unsigned(value);
        8:   26-block  0
call    0 returned 8
        8:   27:    if (num_bits_for_val < bits_of_long) {
branch  0 taken 8 (fallthrough)
branch  1 taken 0
        8:   28:        new_value >>= (bits_of_long - num_bits_for_val);
        8:   28-block  0
        -:   29:    }
        8:   30:    return new_value;
        8:   30-block  0
        -:   31:}
        -:   32:
function _ZN8bitarray8BitArrayC2Eim called 8 returned 100% blocks executed 81%
        8:   33:BitArray::BitArray(int num_bits, unsigned long value) {
        8:   33-block  0
call    0 returned 8
call    1 returned 8
        8:   34:    if (value) {
branch  0 taken 8 (fallthrough)
branch  1 taken 0
        8:   35:        value = reverse_first_bits(value, bits_of_long, num_bits);
        8:   35-block  0
call    0 returned 8
branch  1 taken 8 (fallthrough)
branch  2 taken 0 (throw)
        8:   35-block  1
    $$$$$:   35-block  2
        -:   36:    }
        8:   37:    array_of_bits.push_back(value);
        8:   37-block  0
call    0 returned 8
branch  1 taken 8 (fallthrough)
branch  2 taken 0 (throw)
        8:   38:    size_array = --num_bits;
        -:   39:
        8:   40:    int count_iterations = num_bits / bits_of_long;
        8:   41:    if (count_iterations > 0) {
        8:   41-block  0
branch  0 taken 3 (fallthrough)
branch  1 taken 5
        6:   42:        for (int i = 1; i <= count_iterations; i++) {
        3:   42-block  0
        6:   42-block  1
branch  0 taken 3
branch  1 taken 3 (fallthrough)
        3:   43:             array_of_bits.push_back(0);
        3:   43-block  0
call    0 returned 3
branch  1 taken 3 (fallthrough)
branch  2 taken 0 (throw)
        3:   43-block  1
    $$$$$:   43-block  2
        -:   44:        }
        -:   45:    }
        8:   46:}
        8:   46-block  0
    $$$$$:   46-block  1
call    0 never executed
        -:   47:
function _ZNK8bitarray8BitArrayixEi called 324 returned 100% blocks executed 38%
      324:   48:bool BitArray:: operator[](int i) const{
        -:   49:
      324:   50:    if (i < 0 || i > size_array) {
      324:   50-block  0
branch  0 taken 324 (fallthrough)
branch  1 taken 0
      324:   50-block  1
branch  2 taken 0 (fallthrough)
branch  3 taken 324
    #####:   51:        throw std::string{"bad index"};
    %%%%%:   51-block  0
call    0 never executed
    %%%%%:   51-block  1
call    1 never executed
branch  2 never executed (fallthrough)
branch  3 never executed (throw)
    %%%%%:   51-block  2
call    4 never executed
    $$$$$:   51-block  3
    $$$$$:   51-block  4
call    5 never executed
        -:   52:    }
        -:   53:
      324:   54:    unsigned int index_of_vector = i / bits_of_long;
      324:   55:    unsigned int index_in_word = i % bits_of_long;
        -:   56:
      324:   57:    unsigned long mask_for_bit = 1 << index_in_word;
        -:   58:
      324:   59:    return (array_of_bits[index_of_vector] & mask_for_bit); // лишняя проверка
      324:   59-block  0
call    0 returned 324
      324:   59-block  1
        -:   60:}
        -:   61:
function _ZN8bitarray8BitArrayaSERKS0_ called 9 returned 100% blocks executed 100%
        9:   62:BitArray &BitArray::operator=(const BitArray &b) {
        9:   63:    if (this != &b) {
        9:   63-block  0
branch  0 taken 9 (fallthrough)
branch  1 taken 0
        9:   64:        array_of_bits = b.array_of_bits;
        9:   64-block  0
call    0 returned 9
        9:   65:        size_array = b.size_array;
        -:   66:    }
        9:   67:    return *this;
        9:   67-block  0
        -:   68:}
        -:   69:
function _ZN8bitarray8BitArrayC2ERKS0_ called 6 returned 100% blocks executed 83%
        6:   70:BitArray::BitArray(const BitArray &b) {
        6:   70-block  0
call    0 returned 6
call    1 returned 6
        6:   71:    operator=(b);
call    0 returned 6
branch  1 taken 6 (fallthrough)
branch  2 taken 0 (throw)
        6:   72:}
        6:   72-block  0
    $$$$$:   72-block  1
call    0 never executed
        -:   73:
function _ZN8bitarray8BitArray4swapERS0_ called 1 returned 100% blocks executed 75%
        1:   74:void BitArray::swap(BitArray &b) {
        1:   75:    std::vector<unsigned long> tmp_array = array_of_bits;
        1:   75-block  0
call    0 returned 1
branch  1 taken 1 (fallthrough)
branch  2 taken 0 (throw)
        1:   76:    int tmp_size = size_array;
        1:   77:    operator=(b);
        1:   77-block  0
call    0 returned 1
branch  1 taken 1 (fallthrough)
branch  2 taken 0 (throw)
        1:   78:    b.array_of_bits = tmp_array;
        1:   78-block  0
call    0 returned 1
branch  1 taken 1 (fallthrough)
branch  2 taken 0 (throw)
        1:   79:    b.size_array = tmp_size;
        1:   80:}
        1:   80-block  0
call    0 returned 1
    $$$$$:   80-block  1
call    1 never executed
        -:   81:
function _ZN8bitarray8BitArray6resizeEib called 3 returned 100% blocks executed 59%
        3:   82:void BitArray::resize(int num_bits, bool value) {
        3:   83:    if (num_bits < 0) {
        3:   83-block  0
branch  0 taken 0 (fallthrough)
branch  1 taken 3
    #####:   84:        throw std::string{"bad num bits in resize"};
    %%%%%:   84-block  0
call    0 never executed
    %%%%%:   84-block  1
call    1 never executed
branch  2 never executed (fallthrough)
branch  3 never executed (throw)
    %%%%%:   84-block  2
call    4 never executed
    $$$$$:   84-block  3
    $$$$$:   84-block  4
call    5 never executed
        -:   85:    }
        3:   86:    num_bits--;
        3:   87:    if (num_bits == size_array) {
        3:   87-block  0
branch  0 taken 0 (fallthrough)
branch  1 taken 3
    #####:   88:        return;
    %%%%%:   88-block  0
        -:   89:    }
        3:   90:    int index_of_vector = num_bits / bits_of_long;
        3:   91:    int index_of_vector_bits = size_array / bits_of_long;
        -:   92:
        3:   93:    if (size_array < num_bits) {
        3:   93-block  0
branch  0 taken 2 (fallthrough)
branch  1 taken 1
        -:   94:
        2:   95:        int bit_in_word_bits = size_array % bits_of_long;
        2:   96:        unsigned long mask_for_bits = max_long;
        -:   97:
        2:   98:        if (value) {
        2:   98-block  0
branch  0 taken 1 (fallthrough)
branch  1 taken 1
        1:   99:            mask_for_bits <<= (bit_in_word_bits + 1);
        1:  100:            array_of_bits[index_of_vector_bits] |= mask_for_bits;
        1:  100-block  0
call    0 returned 1
       1*:  101:            for (int i = index_of_vector_bits + 1; i <=  index_of_vector; i++) {
        1:  101-block  0
branch  0 taken 0
branch  1 taken 1
    #####:  102:                array_of_bits[i] = max_long;
    %%%%%:  102-block  0
call    0 never executed
        -:  103:            }
        -:  104:
        -:  105:        } else {
        1:  106:            mask_for_bits >>= (bits_of_long - bit_in_word_bits - 1);
        1:  107:            array_of_bits[index_of_vector_bits] &= mask_for_bits;
        1:  107-block  0
call    0 returned 1
        2:  108:            for (int i = index_of_vector_bits + 1; i <= index_of_vector; i++) {
        2:  108-block  0
branch  0 taken 1
branch  1 taken 1
        1:  109:                array_of_bits[i] = 0;
        1:  109-block  0
call    0 returned 1
        -:  110:            }
        -:  111:        }
        -:  112:    } else {
        2:  113:        while (index_of_vector_bits != index_of_vector) {
        1:  113-block  0
        2:  113-block  1
branch  0 taken 1
branch  1 taken 1 (fallthrough)
        1:  114:            array_of_bits.pop_back();
        1:  114-block  0
call    0 returned 1
        1:  115:            index_of_vector_bits--;
        -:  116:        }
        -:  117:    }
        3:  118:    size_array = num_bits;
        3:  118-block  0
        -:  119:}
        -:  120:
function _ZN8bitarray8BitArray5clearEv called 0 returned 0% blocks executed 0%
    #####:  121:void BitArray::clear() {
    #####:  122:    array_of_bits.clear();
    %%%%%:  122-block  0
call    0 never executed
    #####:  123:    size_array = -1;
    #####:  124:}
        -:  125:
function _ZN8bitarray8BitArray9push_backEb called 2 returned 100% blocks executed 100%
        2:  126:void BitArray::push_back(bool bit) {
        2:  127:    int new_position = ++size_array;
        2:  128:    int index_of_vector = new_position / bits_of_long;
        2:  129:    int position_in_word = new_position % bits_of_long;
        -:  130:
        2:  131:    if (bit) {
        2:  131-block  0
branch  0 taken 1 (fallthrough)
branch  1 taken 1
        1:  132:        unsigned long mask = 1 << position_in_word;
        1:  133:        array_of_bits[index_of_vector] |= mask;
        1:  133-block  0
call    0 returned 1
        -:  134:    } else {
        1:  135:        unsigned long mask = max_long >> (bits_of_long - position_in_word);
        1:  136:        array_of_bits[index_of_vector] &= mask;
        1:  136-block  0
call    0 returned 1
        -:  137:    }
        2:  138:}
        -:  139:
function _ZN8bitarray8BitArrayaNERKS0_ called 1 returned 100% blocks executed 100%
        1:  140:BitArray& BitArray::operator&=(const BitArray &b) {
        1:  141:    int size_vector = size_array / bits_of_long;
        2:  142:    for (int i = 0; i <= size_vector; i++) {
        1:  142-block  0
        2:  142-block  1
branch  0 taken 1
branch  1 taken 1 (fallthrough)
        1:  143:        array_of_bits[i] &= b.array_of_bits[i];
        1:  143-block  0
call    0 returned 1
call    1 returned 1
        -:  144:    }
        1:  145:    return *this;
        1:  145-block  0
        -:  146:}
        -:  147:
function _ZN8bitarray8BitArrayoRERKS0_ called 1 returned 100% blocks executed 100%
        1:  148:BitArray& BitArray::operator|=(const BitArray &b) {
        1:  149:    int size_vector = size_array / bits_of_long;
        2:  150:    for (int i = 0; i <= size_vector; i++) {
        1:  150-block  0
        2:  150-block  1
branch  0 taken 1
branch  1 taken 1 (fallthrough)
        1:  151:        array_of_bits[i] |= b.array_of_bits[i];
        1:  151-block  0
call    0 returned 1
call    1 returned 1
        -:  152:    }
        1:  153:    return *this;
        1:  153-block  0
        -:  154:}
        -:  155:
function _ZN8bitarray8BitArrayeOERKS0_ called 1 returned 100% blocks executed 100%
        1:  156:BitArray& BitArray::operator^=(const BitArray &b) {
        1:  157:    int size_vector = size_array / bits_of_long;
        2:  158:    for (int i = 0; i <= size_vector; i++) {
        1:  158-block  0
        2:  158-block  1
branch  0 taken 1
branch  1 taken 1 (fallthrough)
        1:  159:        array_of_bits[i] ^= b.array_of_bits[i];
        1:  159-block  0
call    0 returned 1
call    1 returned 1
        -:  160:    }
        1:  161:    return *this;
        1:  161-block  0
        -:  162:}
        -:  163:
function _ZN8bitarray8BitArray15bit_change_leftEii called 1 returned 100% blocks executed 85%
        1:  164:void BitArray::bit_change_left(int delete_full_elements_vector, int n) {
        2:  165:    for (int i = 0; i < (size_array / bits_of_long) - delete_full_elements_vector; i++) {
        1:  165-block  0
        2:  165-block  1
branch  0 taken 1
branch  1 taken 1 (fallthrough)
        1:  166:        array_of_bits[i] >>= n;
        1:  166-block  0
call    0 returned 1
        1:  167:        unsigned long mask = ((max_long >> (bits_of_long - n)) & array_of_bits[i + 1]) << (bits_of_long - n);
call    0 returned 1
        1:  168:        array_of_bits[i] |= mask;
call    0 returned 1
        -:  169:    }
        1:  170:    array_of_bits[size_array / bits_of_long - delete_full_elements_vector] >>= n;
        1:  170-block  0
call    0 returned 1
        1:  171:    unsigned long mask = max_long >> (bits_of_long - (size_array % bits_of_long) - 1);
        1:  172:    array_of_bits[size_array / bits_of_long] &= mask;
call    0 returned 1
        -:  173:
       1*:  174:    for (int i = (size_array / bits_of_long) - delete_full_elements_vector + 1; i <= size_array / bits_of_long; i++) {
        1:  174-block  0
branch  0 taken 0
branch  1 taken 1 (fallthrough)
    #####:  175:        array_of_bits[i] = 0;
    %%%%%:  175-block  0
call    0 never executed
        -:  176:    }
        1:  177:}
        -:  178:
function _ZN8bitarray8BitArraylSEi called 1 returned 100% blocks executed 63%
        1:  179:BitArray& BitArray::operator<<=(int n) {
        1:  180:    if (n == 0 || size_array == -1) {
        1:  180-block  0
branch  0 taken 1 (fallthrough)
branch  1 taken 0
        1:  180-block  1
branch  2 taken 0 (fallthrough)
branch  3 taken 1
    #####:  181:        return *this;
    %%%%%:  181-block  0
        -:  182:    }
        1:  183:    if (n > size_array + 1) {
        1:  183-block  0
branch  0 taken 0 (fallthrough)
branch  1 taken 1
    #####:  184:        for (int i = 0; i <= ((n - 1) / bits_of_long); i++) {
    %%%%%:  184-block  0
    %%%%%:  184-block  1
branch  0 never executed
branch  1 never executed (fallthrough)
    #####:  185:            array_of_bits[i] = 0;
    %%%%%:  185-block  0
call    0 never executed
        -:  186:        }
    #####:  187:        return *this;
    %%%%%:  187-block  0
        -:  188:    }
        1:  189:        int delete_full_elements_vector = n / bits_of_long;
        3:  190:        for (int i = delete_full_elements_vector; i <= (size_array / bits_of_long); i++) {
        1:  190-block  0
        3:  190-block  1
branch  0 taken 2
branch  1 taken 1 (fallthrough)
        2:  191:            array_of_bits[i - delete_full_elements_vector] = array_of_bits[i];
        2:  191-block  0
call    0 returned 2
call    1 returned 2
        -:  192:        }
        1:  193:        n %= bits_of_long;
        -:  194:
        1:  195:        if (n == 0) {
        1:  195-block  0
branch  0 taken 0 (fallthrough)
branch  1 taken 1
    #####:  196:            return *this;
    %%%%%:  196-block  0
        -:  197:        } else {
        1:  198:            bit_change_left(delete_full_elements_vector, n);
        1:  198-block  0
call    0 returned 1
        -:  199:        }
        1:  200:    return *this;
        -:  201:}
        -:  202:
function _ZN8bitarray8BitArray16bit_change_rightEii called 1 returned 100% blocks executed 85%
        1:  203:void BitArray::bit_change_right(int delete_full_elements_vector, int n) {
        2:  204:    for (int i = size_array / bits_of_long; i > delete_full_elements_vector; i--) {
        1:  204-block  0
        2:  204-block  1
branch  0 taken 1
branch  1 taken 1 (fallthrough)
        1:  205:        array_of_bits[i] <<= n;
        1:  205-block  0
call    0 returned 1
        1:  206:        unsigned long mask = (max_long << (bits_of_long - n)) & array_of_bits[i - 1];
call    0 returned 1
        1:  207:        array_of_bits[i] |= (mask >> (bits_of_long - n));
call    0 returned 1
        -:  208:    }
        1:  209:    array_of_bits[delete_full_elements_vector] <<= n;
        1:  209-block  0
call    0 returned 1
        1:  210:    unsigned long mask = max_long >> (bits_of_long - (size_array % bits_of_long) - 1);
        1:  211:    array_of_bits[size_array / bits_of_long] &= mask;
call    0 returned 1
        -:  212:
        -:  213:
       1*:  214:    for (int i = delete_full_elements_vector - 1; i >= 0 ; i--) {
        1:  214-block  0
branch  0 taken 0
branch  1 taken 1 (fallthrough)
    #####:  215:        array_of_bits[i] = 0;
    %%%%%:  215-block  0
call    0 never executed
        -:  216:    }
        1:  217:}
        -:  218:
function _ZN8bitarray8BitArrayrSEi called 1 returned 100% blocks executed 63%
        1:  219:BitArray& BitArray::operator>>=(int n) {
        1:  220:    if (n == 0 || size_array == -1) {
        1:  220-block  0
branch  0 taken 1 (fallthrough)
branch  1 taken 0
        1:  220-block  1
branch  2 taken 0 (fallthrough)
branch  3 taken 1
    #####:  221:        return *this;
    %%%%%:  221-block  0
        -:  222:    }
        1:  223:    if (n > size_array + 1) {
        1:  223-block  0
branch  0 taken 0 (fallthrough)
branch  1 taken 1
    #####:  224:        for (int i = 0; i <= ((n - 1) / bits_of_long); i++) {
    %%%%%:  224-block  0
    %%%%%:  224-block  1
branch  0 never executed
branch  1 never executed (fallthrough)
    #####:  225:            array_of_bits[i] = 0;
    %%%%%:  225-block  0
call    0 never executed
        -:  226:        }
    #####:  227:        return *this;
    %%%%%:  227-block  0
        -:  228:    }
        1:  229:        int delete_full_elements_vector = n / bits_of_long;
        3:  230:        for (int i = (size_array / bits_of_long); i >= delete_full_elements_vector; i--) {
        1:  230-block  0
        3:  230-block  1
branch  0 taken 2
branch  1 taken 1 (fallthrough)
        2:  231:            array_of_bits[i] = array_of_bits[i - delete_full_elements_vector];
        2:  231-block  0
call    0 returned 2
call    1 returned 2
        -:  232:        }
        1:  233:        n %= bits_of_long;
        -:  234:
        1:  235:        if (n == 0) {
        1:  235-block  0
branch  0 taken 0 (fallthrough)
branch  1 taken 1
    #####:  236:            return *this;
    %%%%%:  236-block  0
        -:  237:        } else {
        1:  238:            bit_change_right(delete_full_elements_vector, n);
        1:  238-block  0
call    0 returned 1
        -:  239:        }
        1:  240:    return *this;
        -:  241:}
        -:  242:
function _ZNK8bitarray8BitArraylsEi called 1 returned 100% blocks executed 100%
        1:  243:BitArray BitArray::operator<<(int n) const {
        1:  244:    BitArray b(*this);
        1:  244-block  0
call    0 returned 1
        -:  245:
        1:  246:    b.operator<<=(n);
call    0 returned 1
        1:  247:    return b;
        -:  248:}
        -:  249:
function _ZNK8bitarray8BitArrayrsEi called 1 returned 100% blocks executed 100%
        1:  250:BitArray BitArray::operator>>(int n) const {
        1:  251:    BitArray b(*this);
        1:  251-block  0
call    0 returned 1
        -:  252:
        1:  253:    b.operator>>=(n);
call    0 returned 1
        1:  254:    return b;
        -:  255:}
        -:  256:
function _ZN8bitarray8BitArray3setEib called 40 returned 100% blocks executed 54%
       40:  257:BitArray& BitArray::set(int n, bool val) {
        -:  258:
       40:  259:    if (n < 0 || n > size_array) {
       40:  259-block  0
branch  0 taken 40 (fallthrough)
branch  1 taken 0
       40:  259-block  1
branch  2 taken 0 (fallthrough)
branch  3 taken 40
    #####:  260:        throw std::string{"bad index in set"};
    %%%%%:  260-block  0
call    0 never executed
    %%%%%:  260-block  1
call    1 never executed
branch  2 never executed (fallthrough)
branch  3 never executed (throw)
    %%%%%:  260-block  2
call    4 never executed
    $$$$$:  260-block  3
    $$$$$:  260-block  4
call    5 never executed
        -:  261:    }
        -:  262:
       40:  263:    if (operator[](n) == val) {
       40:  263-block  0
call    0 returned 40
branch  1 taken 0 (fallthrough)
branch  2 taken 40
    #####:  264:        return *this;
    %%%%%:  264-block  0
        -:  265:    }
        -:  266:
       40:  267:    int vector_index = n / bits_of_long;
       40:  268:    int word_index = n % bits_of_long;
        -:  269:
        -:  270:
       40:  271:    if (val) {
       40:  271-block  0
branch  0 taken 39 (fallthrough)
branch  1 taken 1
       39:  272:        unsigned long mask = 1;
       39:  273:        if (word_index == 0) {
       39:  273-block  0
branch  0 taken 2 (fallthrough)
branch  1 taken 37
        2:  274:            array_of_bits[vector_index] |= mask;
        2:  274-block  0
call    0 returned 2
        2:  275:            return *this;
        -:  276:        }
        -:  277:
       37:  278:        if (word_index == (bits_of_long - 1)) {
       37:  278-block  0
branch  0 taken 2 (fallthrough)
branch  1 taken 35
        2:  279:            mask <<= (bits_of_long - 1);
        2:  280:            array_of_bits[vector_index] |= mask;
        2:  280-block  0
call    0 returned 2
        2:  281:            return *this;
        -:  282:        }
        -:  283:
       35:  284:        mask <<= word_index;
       35:  285:        array_of_bits[vector_index] |= mask;
       35:  285-block  0
call    0 returned 35
        -:  286:    } else {
        1:  287:        unsigned long mask = max_long;
        -:  288:
        1:  289:        if (word_index == 0) {
        1:  289-block  0
branch  0 taken 1 (fallthrough)
branch  1 taken 0
        1:  290:            mask <<= 1;
        1:  291:            array_of_bits[vector_index] &= mask;
        1:  291-block  0
call    0 returned 1
        1:  292:            return *this;
        -:  293:        }
        -:  294:
    #####:  295:        if (word_index == bits_of_long - 1) {
    %%%%%:  295-block  0
branch  0 never executed (fallthrough)
branch  1 never executed
    #####:  296:            mask >>= 1;
    #####:  297:            array_of_bits[vector_index] &= mask;
    %%%%%:  297-block  0
call    0 never executed
    #####:  298:            return *this;
        -:  299:        }
        -:  300:
    #####:  301:        unsigned long first_part_mask = max_long << (word_index + 1);
    #####:  302:        unsigned long second_part_mask = max_long >> (bits_of_long - word_index);
    #####:  303:        mask = first_part_mask | second_part_mask;
    #####:  304:        array_of_bits[vector_index] &= mask;
    %%%%%:  304-block  0
call    0 never executed
        -:  305:    }
       35:  306:    return *this;
       35:  306-block  0
        -:  307:}
        -:  308:
function _ZN8bitarray8BitArray3setEv called 1 returned 100% blocks executed 100%
        1:  309:BitArray& BitArray::set() {
        3:  310:    for (int i = 0; i <= (size_array / bits_of_long); i++) {
        1:  310-block  0
        3:  310-block  1
branch  0 taken 2
branch  1 taken 1 (fallthrough)
        2:  311:        array_of_bits[i] = max_long;
        2:  311-block  0
call    0 returned 2
        -:  312:    }
        1:  313:    return *this;
        1:  313-block  0
        -:  314:}
        -:  315:
function _ZN8bitarray8BitArray5resetEi called 1 returned 100% blocks executed 100%
        1:  316:BitArray& BitArray::reset(int n) {
        1:  317:    return set(n, false);
        1:  317-block  0
call    0 returned 1
        -:  318:}
        -:  319:
function _ZN8bitarray8BitArray5resetEv called 1 returned 100% blocks executed 100%
        1:  320:BitArray& BitArray::reset() {
        3:  321:    for (int i = 0; i <= (size_array / bits_of_long); i++) {
        1:  321-block  0
        3:  321-block  1
branch  0 taken 2
branch  1 taken 1 (fallthrough)
        2:  322:        array_of_bits[i] = 0;
        2:  322-block  0
call    0 returned 2
        -:  323:    }
        1:  324:    return *this;
        1:  324-block  0
        -:  325:}
        -:  326:
function _ZNK8bitarray8BitArray3anyEv called 2 returned 100% blocks executed 100%
        2:  327:bool BitArray::any() const{
        4:  328:    for (int i = 0; i <= (size_array / bits_of_long); i++) {
        2:  328-block  0
        2:  328-block  1
        4:  328-block  2
branch  0 taken 3
branch  1 taken 1 (fallthrough)
        3:  329:        if (array_of_bits[i] != 0) {
        3:  329-block  0
call    0 returned 3
branch  1 taken 1 (fallthrough)
branch  2 taken 2
        1:  330:            return true;
        1:  330-block  0
        -:  331:        }
        -:  332:    }
        1:  333:    return false;
        1:  333-block  0
        -:  334:}
        -:  335:
function _ZNK8bitarray8BitArray4noneEv called 1 returned 100% blocks executed 100%
        1:  336:bool BitArray::none() const{
        1:  337:    return(!any());
        1:  337-block  0
call    0 returned 1
        -:  338:}
        -:  339:
function _ZNK8bitarray8BitArraycoEv called 1 returned 100% blocks executed 90%
        1:  340:BitArray BitArray::operator~() const {
        1:  341:    BitArray b(*this);
        1:  341-block  0
call    0 returned 1
        -:  342:
       39:  343:    for (int i = 0; i <= size_array; i++) {
       38:  343-block  0
       39:  343-block  1
branch  0 taken 38
branch  1 taken 1 (fallthrough)
       38:  344:        bool value = !operator[](i);
       38:  344-block  0
call    0 returned 38
branch  1 taken 38 (fallthrough)
branch  2 taken 0 (throw)
       38:  345:        b.set(i, value);
       38:  345-block  0
call    0 returned 38
branch  1 taken 38 (fallthrough)
branch  2 taken 0 (throw)
        -:  346:    }
        1:  347:    return b;
        1:  347-block  0
        1:  347-block  1
    =====:  348:}
    $$$$$:  348-block  0
call    0 never executed
        -:  349:
function _ZNK8bitarray8BitArray5countEv called 2 returned 100% blocks executed 100%
        2:  350:int BitArray::count() const {
        2:  351:    int cnt = 0;
       78:  352:    for (int i = 0; i <= size_array; i++) {
        2:  352-block  0
       76:  352-block  1
       78:  352-block  2
branch  0 taken 76
branch  1 taken 2 (fallthrough)
       76:  353:        if (operator[](i)) {
       76:  353-block  0
call    0 returned 76
branch  1 taken 76 (fallthrough)
branch  2 taken 0
       76:  354:            cnt++;
       76:  354-block  0
        -:  355:        }
        -:  356:    }
        2:  357:    return cnt;
        2:  357-block  0
        -:  358:}
        -:  359:
function _ZNK8bitarray8BitArray4sizeEv called 9 returned 100% blocks executed 100%
        9:  360:int BitArray::size() const {
        9:  361:    return (size_array + 1);
        9:  361-block  0
        -:  362:}
        -:  363:
function _ZNK8bitarray8BitArray5emptyEv called 1 returned 100% blocks executed 75%
        1:  364:bool BitArray::empty() const {
        1:  365:    if (size_array == -1) {
        1:  365-block  0
branch  0 taken 0 (fallthrough)
branch  1 taken 1
    #####:  366:        return true;
    %%%%%:  366-block  0
        -:  367:    } else {
        1:  368:        return false;
        1:  368-block  0
        -:  369:    }
        -:  370:}
        -:  371:
function _ZNK8bitarray8BitArray9to_stringB5cxx11Ev called 8 returned 100% blocks executed 75%
        8:  372:std::string BitArray::to_string() const {
        8:  373:    std::string result_bit = std::to_string(operator[](0));
        8:  373-block  0
call    0 returned 8
call    1 returned 8
        -:  374:
      153:  375:    for (int i = 1; i <= size_array; i++) {
      153:  375-block  0
branch  0 taken 145
branch  1 taken 8 (fallthrough)
      145:  376:        result_bit += std::to_string(operator[](i));
      145:  376-block  0
call    0 returned 145
branch  1 taken 145 (fallthrough)
branch  2 taken 0 (throw)
      145:  376-block  1
call    3 returned 145
call    4 returned 145
branch  5 taken 145 (fallthrough)
branch  6 taken 0 (throw)
      145:  376-block  2
call    7 returned 145
    $$$$$:  376-block  3
call    8 never executed
    $$$$$:  376-block  4
        -:  377:    }
        8:  378:    return result_bit;
        8:  378-block  0
        8:  378-block  1
    =====:  379:}
    $$$$$:  379-block  0
call    0 never executed
        -:  380:
function _ZN8bitarrayeqERKNS_8BitArrayES2_ called 1 returned 100% blocks executed 86%
        1:  381:bool bitarray::operator==(const BitArray& b1, const BitArray& b2) {
        1:  382:    if (b1.size() != b2.size()) {
        1:  382-block  0
call    0 returned 1
call    1 returned 1
branch  2 taken 0 (fallthrough)
branch  3 taken 1
    #####:  383:        return false;
    %%%%%:  383-block  0
        -:  384:    }
        5:  385:    for (int i = 0; i < b1.size(); i++) {
        1:  385-block  0
        4:  385-block  1
        5:  385-block  2
call    0 returned 5
branch  1 taken 5
branch  2 taken 0 (fallthrough)
        5:  386:        if (b1.operator[](i) != b2.operator[](i)) {
        5:  386-block  0
call    0 returned 5
call    1 returned 5
branch  2 taken 1 (fallthrough)
branch  3 taken 4
        1:  387:            return false;
        1:  387-block  0
        -:  388:        }
        -:  389:    }
    #####:  390:    return true;
    %%%%%:  390-block  0
        -:  391:}
        -:  392:
function _ZN8bitarrayneERKNS_8BitArrayES2_ called 1 returned 100% blocks executed 100%
        1:  393:bool bitarray::operator!=(const BitArray& b1, const BitArray& b2) {
        1:  394:    return !(operator==(b1, b2));
        1:  394-block  0
call    0 returned 1
        -:  395:}
        -:  396:
function _ZN8bitarrayanERKNS_8BitArrayES2_ called 1 returned 100% blocks executed 100%
        1:  397:BitArray bitarray::operator&(const BitArray& b1, const BitArray& b2) {
        1:  398:    BitArray c(b1);
        1:  398-block  0
call    0 returned 1
        1:  399:    c.operator&=(b2);
call    0 returned 1
        1:  400:    return c;
        -:  401:}
        -:  402:
function _ZN8bitarrayorERKNS_8BitArrayES2_ called 1 returned 100% blocks executed 100%
        1:  403:BitArray bitarray::operator|(const BitArray& b1, const BitArray& b2) {
        1:  404:    BitArray c(b1);
        1:  404-block  0
call    0 returned 1
        1:  405:    c.operator|=(b2);
call    0 returned 1
        1:  406:    return c;
        -:  407:}
        -:  408:
function _ZN8bitarrayeoERKNS_8BitArrayES2_ called 1 returned 100% blocks executed 100%
        1:  409:BitArray bitarray::operator^(const BitArray& b1, const BitArray& b2) {
        1:  410:    BitArray c(b1);
        1:  410-block  0
call    0 returned 1
        1:  411:    c.operator^=(b2);
call    0 returned 1
        1:  412:    return c;
        -:  413:}
