        -:    0:Source:C:/Users/Admin/Desktop/labs/OOP_labs/OOP_labs/lab1/src/BitArray.h
        -:    0:Graph:C:\Users\Admin\Desktop\labs\OOP_labs\OOP_labs\lab1\cmake-build-debug-coverage\CMakeFiles\test_bitarray.dir\src\BitArray.cpp.gcno
        -:    0:Data:C:\Users\Admin\Desktop\labs\OOP_labs\OOP_labs\lab1\cmake-build-debug-coverage\CMakeFiles\test_bitarray.dir\src\BitArray.cpp.gcda
        -:    0:Runs:1
        -:    1:#ifndef LAB1_BITARRAY_H
        -:    2:#define LAB1_BITARRAY_H
        -:    3:
        -:    4:#include <vector>
        -:    5:#include <limits>
        -:    6:#include <string>
        -:    7:#include <cmath>
        -:    8:
        -:    9:namespace bitarray {
        -:   10:    class BitArray {
        -:   11:    private:
        -:   12:        std::vector<unsigned long> array_of_bits;
        -:   13:        int size_array;
        -:   14:        const int bits_of_long = std::numeric_limits<unsigned long>::digits;
        -:   15:        const unsigned long max_long = std::numeric_limits<unsigned long>::max();
        -:   16:        void bit_change_left(int delete_full_elements_vector, int n);
        -:   17:        void bit_change_right(int delete_full_elements_vector, int n);
        -:   18:
        -:   19:    public:
        -:   20:        BitArray();
        -:   21:
function _ZN8bitarray8BitArrayD1Ev called 0 returned 0% blocks executed 0%
    #####:   22:        ~BitArray() = default;
    %%%%%:   22-block  0
call    0 never executed
        -:   23:
        -:   24:        explicit BitArray(int num_bits, unsigned long value = 0);
        -:   25:
        -:   26:        BitArray(const BitArray &b);
        -:   27:
        -:   28:        void swap(BitArray &b);
        -:   29:
        -:   30:        BitArray &operator=(const BitArray &b);
        -:   31:
        -:   32:        void resize(int num_bits, bool value = false);
        -:   33:
        -:   34:        void clear();
        -:   35:
        -:   36:        void push_back(bool bit);
        -:   37:
        -:   38:        bool operator[](int i) const;
        -:   39:
        -:   40:        BitArray &operator&=(const BitArray &b);
        -:   41:
        -:   42:        BitArray &operator|=(const BitArray &b);
        -:   43:
        -:   44:        BitArray &operator^=(const BitArray &b);
        -:   45:
        -:   46:        BitArray &operator<<=(int n);
        -:   47:
        -:   48:        BitArray &operator>>=(int n);
        -:   49:
        -:   50:        BitArray operator<<(int n) const;
        -:   51:
        -:   52:        BitArray operator>>(int n) const;
        -:   53:
        -:   54:        BitArray &set(int n, bool val = true);
        -:   55:
        -:   56:        BitArray &set();
        -:   57:
        -:   58:        BitArray &reset(int n);
        -:   59:
        -:   60:        BitArray &reset();
        -:   61:
        -:   62:        bool any() const;
        -:   63:
        -:   64:        bool none() const;
        -:   65:
        -:   66:        BitArray operator~() const;
        -:   67:
        -:   68:        int count() const;
        -:   69:
        -:   70:        int size() const;
        -:   71:
        -:   72:        bool empty() const;
        -:   73:
        -:   74:        std::string to_string() const;
        -:   75:    };
        -:   76:
        -:   77:    bool operator==(const BitArray& b1, const BitArray& b2);
        -:   78:
        -:   79:    bool operator!=(const BitArray& b1, const BitArray& b2);
        -:   80:
        -:   81:    BitArray operator&(const BitArray& b1, const BitArray& b2);
        -:   82:
        -:   83:    BitArray operator|(const BitArray& b1, const BitArray& b2);
        -:   84:
        -:   85:    BitArray operator^(const BitArray& b1, const BitArray& b2);
        -:   86:
        -:   87:}
        -:   88:
        -:   89:using namespace bitarray;
        -:   90:
        -:   91:
        -:   92:#endif //LAB1_BITARRAY_H
