        -:    0:Source:C:/Users/Admin/Desktop/labs/OOP_labs/OOP_labs/lab1/test/tests.cpp
        -:    0:Graph:C:\Users\Admin\Desktop\labs\OOP_labs\OOP_labs\lab1\cmake-build-debug-coverage\CMakeFiles\test_bitarray.dir\test\tests.cpp.gcno
        -:    0:Data:C:\Users\Admin\Desktop\labs\OOP_labs\OOP_labs\lab1\cmake-build-debug-coverage\CMakeFiles\test_bitarray.dir\test\tests.cpp.gcda
        -:    0:Runs:1
        -:    1:#include <gtest/gtest.h>
        -:    2:#include "BitArray.h"
        -:    3:
        -:    4:class BitArrayTestConstruct : public ::testing::Test {
        -:    5:protected:
function _ZN21BitArrayTestConstruct5SetUpEv called 1 returned 100% blocks executed 73%
        1:    6:    void SetUp() override {
        1:    7:        empty = std::make_unique<BitArray>();
        1:    7-block  0
call    0 returned 1
branch  1 taken 1 (fallthrough)
branch  2 taken 0 (throw)
        1:    7-block  1
call    3 returned 1
call    4 returned 1
    $$$$$:    7-block  2
call    5 never executed
        1:    8:        with_long = std::make_unique<BitArray>(35, 154);
call    0 returned 1
branch  1 taken 1 (fallthrough)
branch  2 taken 0 (throw)
        1:    8-block  0
call    3 returned 1
call    4 returned 1
    $$$$$:    8-block  1
    $$$$$:    8-block  2
        1:    9:    }
        -:   10:
        -:   11:
        -:   12:    std::unique_ptr<BitArray> empty;
        -:   13:    std::unique_ptr<BitArray> with_long;
        -:   14:
        -:   15:};
        -:   16:
        -:   17:class BitArrayTestBaseOperation : public ::testing::Test {
        -:   18:protected:
function _ZN25BitArrayTestBaseOperation5SetUpEv called 1 returned 100% blocks executed 58%
        1:   19:    void SetUp() override {
        1:   20:        obj_1 = std::make_unique<BitArray>(8, 154);
        1:   20-block  0
call    0 returned 1
branch  1 taken 1 (fallthrough)
branch  2 taken 0 (throw)
        1:   20-block  1
call    3 returned 1
call    4 returned 1
    $$$$$:   20-block  2
    $$$$$:   20-block  3
    $$$$$:   20-block  4
call    5 never executed
        1:   21:        obj_2 = std::make_unique<BitArray>(13, 320);
call    0 returned 1
branch  1 taken 1 (fallthrough)
branch  2 taken 0 (throw)
        1:   21-block  0
call    3 returned 1
call    4 returned 1
    $$$$$:   21-block  1
    $$$$$:   21-block  2
    $$$$$:   21-block  3
call    5 never executed
        1:   22:        obj_3 = std::make_unique<BitArray>(32, 460);
call    0 returned 1
branch  1 taken 1 (fallthrough)
branch  2 taken 0 (throw)
        1:   22-block  0
call    3 returned 1
call    4 returned 1
    $$$$$:   22-block  1
    $$$$$:   22-block  2
        1:   23:    }
        -:   24:
        -:   25:    std::unique_ptr<BitArray> obj_1;
        -:   26:    std::unique_ptr<BitArray> obj_2;
        -:   27:    std::unique_ptr<BitArray> obj_3;
        -:   28:};
        -:   29:
        -:   30:class BitArrayTestBitOperations : public ::testing::Test {
        -:   31:protected:
function _ZN25BitArrayTestBitOperations5SetUpEv called 1 returned 100% blocks executed 62%
        1:   32:    void SetUp() override {
        1:   33:        obj_1 = std::make_unique<BitArray>(8, 154);
        1:   33-block  0
call    0 returned 1
branch  1 taken 1 (fallthrough)
branch  2 taken 0 (throw)
        1:   33-block  1
call    3 returned 1
call    4 returned 1
    $$$$$:   33-block  2
    $$$$$:   33-block  3
    $$$$$:   33-block  4
call    5 never executed
        1:   34:        obj_2 = std::make_unique<BitArray>(8, 150);
call    0 returned 1
branch  1 taken 1 (fallthrough)
branch  2 taken 0 (throw)
        1:   34-block  0
call    3 returned 1
call    4 returned 1
    $$$$$:   34-block  1
    $$$$$:   34-block  2
        1:   35:    }
        -:   36:    std::unique_ptr<BitArray> obj_1;
        -:   37:    std::unique_ptr<BitArray> obj_2;
        -:   38:};
        -:   39:
        -:   40:class BitArrayTestShift : public ::testing::Test {
        -:   41:protected:
function _ZN17BitArrayTestShift5SetUpEv called 1 returned 100% blocks executed 82%
        1:   42:    void SetUp() override {
        1:   43:        obj_1 = std::make_unique<BitArray>(37, 589);
        1:   43-block  0
call    0 returned 1
branch  1 taken 1 (fallthrough)
branch  2 taken 0 (throw)
        1:   43-block  1
call    3 returned 1
call    4 returned 1
    $$$$$:   43-block  2
    $$$$$:   43-block  3
        1:   44:        obj_1->set(31, true);
call    0 returned 1
call    1 returned 1
        1:   45:        string_with_shift_left = "1001001101000000000000000000000100000";
call    0 returned 1
        1:   46:        string_with_shift_right= "0000100100110100000000000000000000010";
call    0 returned 1
        1:   47:    }
        -:   48:
        -:   49:
        -:   50:    std::string string_with_shift_right;
        -:   51:    std::string string_with_shift_left;
        -:   52:    std::unique_ptr<BitArray> obj_1;
        -:   53:};
        -:   54:
        -:   55:class BitArrayTestSetBits : public ::testing::Test {
        -:   56:protected:
function _ZN19BitArrayTestSetBits5SetUpEv called 1 returned 100% blocks executed 75%
        1:   57:    void SetUp() override {
        1:   58:        obj_1 = std::make_unique<BitArray>(38, 678);
        1:   58-block  0
call    0 returned 1
branch  1 taken 1 (fallthrough)
branch  2 taken 0 (throw)
        1:   58-block  1
call    3 returned 1
call    4 returned 1
    $$$$$:   58-block  2
    $$$$$:   58-block  3
        1:   59:        all_zero = "00000000000000000000000000000000000000";
call    0 returned 1
        1:   60:    }
        -:   61:    std::unique_ptr<BitArray> obj_1;
        -:   62:    std::string all_zero;
        -:   63:};
        -:   64:
        4:   65:TEST_F(BitArrayTestConstruct, Constuctor) {
       1*:   66:    EXPECT_EQ(empty->size(), 0);
       1*:   67:    EXPECT_EQ(with_long->operator[](0), 1);
       1*:   68:    EXPECT_EQ(with_long->operator[](33), 0);
        1:   69:}
------------------
_ZN37BitArrayTestConstruct_Constuctor_TestC1Ev:
function _ZN37BitArrayTestConstruct_Constuctor_TestC1Ev called 1 returned 100% blocks executed 100%
        1:   65:TEST_F(BitArrayTestConstruct, Constuctor) {
        1:   65-block  0
call    0 returned 1
------------------
_ZN37BitArrayTestConstruct_Constuctor_TestD0Ev:
function _ZN37BitArrayTestConstruct_Constuctor_TestD0Ev called 1 returned 100% blocks executed 100%
        1:   65:TEST_F(BitArrayTestConstruct, Constuctor) {
        1:   65-block  0
call    0 returned 1
call    1 returned 1
------------------
_ZN37BitArrayTestConstruct_Constuctor_TestD1Ev:
function _ZN37BitArrayTestConstruct_Constuctor_TestD1Ev called 1 returned 100% blocks executed 100%
        1:   65:TEST_F(BitArrayTestConstruct, Constuctor) {
        1:   65-block  0
call    0 returned 1
------------------
_ZN37BitArrayTestConstruct_Constuctor_Test8TestBodyEv:
function _ZN37BitArrayTestConstruct_Constuctor_Test8TestBodyEv called 1 returned 100% blocks executed 27%
        1:   65:TEST_F(BitArrayTestConstruct, Constuctor) {
       1*:   66:    EXPECT_EQ(empty->size(), 0);
        1:   66-block  0
call    0 returned 1
call    1 returned 1
branch  2 taken 1 (fallthrough)
branch  3 taken 0 (throw)
        1:   66-block  1
call    4 returned 1
branch  5 taken 1 (fallthrough)
branch  6 taken 0 (throw)
        1:   66-block  2
call    7 returned 1
branch  8 taken 0 (fallthrough)
branch  9 taken 1
    %%%%%:   66-block  3
call   10 never executed
branch 11 never executed (fallthrough)
branch 12 never executed (throw)
    %%%%%:   66-block  4
call   13 never executed
call   14 never executed
branch 15 never executed (fallthrough)
branch 16 never executed (throw)
    %%%%%:   66-block  5
call   17 never executed
branch 18 never executed (fallthrough)
branch 19 never executed (throw)
    %%%%%:   66-block  6
call   20 never executed
call   21 never executed
        1:   66-block  7
call   22 returned 1
    $$$$$:   66-block  8
    $$$$$:   66-block  9
    $$$$$:   66-block 10
call   23 never executed
    $$$$$:   66-block 11
    $$$$$:   66-block 12
call   24 never executed
    $$$$$:   66-block 13
    $$$$$:   66-block 14
call   25 never executed
       1*:   67:    EXPECT_EQ(with_long->operator[](0), 1);
call    0 returned 1
call    1 returned 1
branch  2 taken 1 (fallthrough)
branch  3 taken 0 (throw)
        1:   67-block  0
call    4 returned 1
branch  5 taken 1 (fallthrough)
branch  6 taken 0 (throw)
        1:   67-block  1
call    7 returned 1
branch  8 taken 0 (fallthrough)
branch  9 taken 1
    %%%%%:   67-block  2
call   10 never executed
branch 11 never executed (fallthrough)
branch 12 never executed (throw)
    %%%%%:   67-block  3
call   13 never executed
call   14 never executed
branch 15 never executed (fallthrough)
branch 16 never executed (throw)
    %%%%%:   67-block  4
call   17 never executed
branch 18 never executed (fallthrough)
branch 19 never executed (throw)
    %%%%%:   67-block  5
call   20 never executed
call   21 never executed
        1:   67-block  6
call   22 returned 1
    $$$$$:   67-block  7
    $$$$$:   67-block  8
    $$$$$:   67-block  9
call   23 never executed
    $$$$$:   67-block 10
    $$$$$:   67-block 11
call   24 never executed
    $$$$$:   67-block 12
    $$$$$:   67-block 13
call   25 never executed
       1*:   68:    EXPECT_EQ(with_long->operator[](33), 0);
call    0 returned 1
call    1 returned 1
branch  2 taken 1 (fallthrough)
branch  3 taken 0 (throw)
        1:   68-block  0
call    4 returned 1
branch  5 taken 1 (fallthrough)
branch  6 taken 0 (throw)
        1:   68-block  1
call    7 returned 1
branch  8 taken 0 (fallthrough)
branch  9 taken 1
    %%%%%:   68-block  2
call   10 never executed
branch 11 never executed (fallthrough)
branch 12 never executed (throw)
    %%%%%:   68-block  3
call   13 never executed
call   14 never executed
branch 15 never executed (fallthrough)
branch 16 never executed (throw)
    %%%%%:   68-block  4
call   17 never executed
branch 18 never executed (fallthrough)
branch 19 never executed (throw)
    %%%%%:   68-block  5
call   20 never executed
call   21 never executed
        1:   68-block  6
call   22 returned 1
    $$$$$:   68-block  7
    $$$$$:   68-block  8
    $$$$$:   68-block  9
call   23 never executed
    $$$$$:   68-block 10
    $$$$$:   68-block 11
call   24 never executed
    $$$$$:   68-block 12
    $$$$$:   68-block 13
call   25 never executed
        1:   69:}
------------------
        -:   70:
        4:   71:TEST_F(BitArrayTestBaseOperation, base_operation) {
        1:   72:    obj_1->swap(*obj_2);
       1*:   73:    EXPECT_EQ(obj_1->to_string(), "1010000000000");
        -:   74:
        1:   75:    obj_3->resize(34, false);
       1*:   76:    EXPECT_FALSE(obj_3->operator[](33));
        -:   77:
        1:   78:    obj_3->resize(36, true);
       1*:   79:    EXPECT_TRUE(obj_3->operator[](35));
        -:   80:
        1:   81:    obj_3->push_back(1);
       1*:   82:    EXPECT_TRUE(obj_3->operator[](36));
        -:   83:
        1:   84:    obj_3->push_back(0);
       1*:   85:    EXPECT_FALSE(obj_3->operator[](37));
        -:   86:
        1:   87:    obj_3->resize(4);
       1*:   88:    EXPECT_EQ(obj_3->to_string(), "1110");
        1:   89:}
------------------
_ZN45BitArrayTestBaseOperation_base_operation_TestC1Ev:
function _ZN45BitArrayTestBaseOperation_base_operation_TestC1Ev called 1 returned 100% blocks executed 100%
        1:   71:TEST_F(BitArrayTestBaseOperation, base_operation) {
        1:   71-block  0
call    0 returned 1
------------------
_ZN45BitArrayTestBaseOperation_base_operation_TestD0Ev:
function _ZN45BitArrayTestBaseOperation_base_operation_TestD0Ev called 1 returned 100% blocks executed 100%
        1:   71:TEST_F(BitArrayTestBaseOperation, base_operation) {
        1:   71-block  0
call    0 returned 1
call    1 returned 1
------------------
_ZN45BitArrayTestBaseOperation_base_operation_TestD1Ev:
function _ZN45BitArrayTestBaseOperation_base_operation_TestD1Ev called 1 returned 100% blocks executed 100%
        1:   71:TEST_F(BitArrayTestBaseOperation, base_operation) {
        1:   71-block  0
call    0 returned 1
------------------
_ZN45BitArrayTestBaseOperation_base_operation_Test8TestBodyEv:
function _ZN45BitArrayTestBaseOperation_base_operation_Test8TestBodyEv called 1 returned 100% blocks executed 30%
        1:   71:TEST_F(BitArrayTestBaseOperation, base_operation) {
        1:   72:    obj_1->swap(*obj_2);
        1:   72-block  0
call    0 returned 1
call    1 returned 1
call    2 returned 1
       1*:   73:    EXPECT_EQ(obj_1->to_string(), "1010000000000");
call    0 returned 1
call    1 returned 1
branch  2 taken 1 (fallthrough)
branch  3 taken 0 (throw)
        1:   73-block  0
call    4 returned 1
branch  5 taken 1 (fallthrough)
branch  6 taken 0 (throw)
        1:   73-block  1
call    7 returned 1
call    8 returned 1
branch  9 taken 0 (fallthrough)
branch 10 taken 1
    %%%%%:   73-block  2
call   11 never executed
branch 12 never executed (fallthrough)
branch 13 never executed (throw)
    %%%%%:   73-block  3
call   14 never executed
call   15 never executed
branch 16 never executed (fallthrough)
branch 17 never executed (throw)
    %%%%%:   73-block  4
call   18 never executed
branch 19 never executed (fallthrough)
branch 20 never executed (throw)
    %%%%%:   73-block  5
call   21 never executed
call   22 never executed
        1:   73-block  6
call   23 returned 1
    $$$$$:   73-block  7
call   24 never executed
    $$$$$:   73-block  8
    $$$$$:   73-block  9
call   25 never executed
    $$$$$:   73-block 10
    $$$$$:   73-block 11
call   26 never executed
    $$$$$:   73-block 12
    $$$$$:   73-block 13
call   27 never executed
        -:   74:
        1:   75:    obj_3->resize(34, false);
call    0 returned 1
call    1 returned 1
       1*:   76:    EXPECT_FALSE(obj_3->operator[](33));
call    0 returned 1
call    1 returned 1
branch  2 taken 1 (fallthrough)
branch  3 taken 0 (throw)
        1:   76-block  0
call    4 returned 1
call    5 returned 1
branch  6 taken 0 (fallthrough)
branch  7 taken 1
    %%%%%:   76-block  1
call    8 never executed
branch  9 never executed (fallthrough)
branch 10 never executed (throw)
    %%%%%:   76-block  2
call   11 never executed
branch 12 never executed (fallthrough)
branch 13 never executed (throw)
    %%%%%:   76-block  3
call   14 never executed
call   15 never executed
branch 16 never executed (fallthrough)
branch 17 never executed (throw)
    %%%%%:   76-block  4
call   18 never executed
branch 19 never executed (fallthrough)
branch 20 never executed (throw)
    %%%%%:   76-block  5
call   21 never executed
call   22 never executed
call   23 never executed
        1:   76-block  6
call   24 returned 1
    $$$$$:   76-block  7
    $$$$$:   76-block  8
call   25 never executed
    $$$$$:   76-block  9
call   26 never executed
    $$$$$:   76-block 10
    $$$$$:   76-block 11
    $$$$$:   76-block 12
call   27 never executed
    $$$$$:   76-block 13
    $$$$$:   76-block 14
call   28 never executed
        -:   77:
        1:   78:    obj_3->resize(36, true);
call    0 returned 1
call    1 returned 1
       1*:   79:    EXPECT_TRUE(obj_3->operator[](35));
call    0 returned 1
call    1 returned 1
branch  2 taken 1 (fallthrough)
branch  3 taken 0 (throw)
        1:   79-block  0
call    4 returned 1
call    5 returned 1
branch  6 taken 0 (fallthrough)
branch  7 taken 1
    %%%%%:   79-block  1
call    8 never executed
branch  9 never executed (fallthrough)
branch 10 never executed (throw)
    %%%%%:   79-block  2
call   11 never executed
branch 12 never executed (fallthrough)
branch 13 never executed (throw)
    %%%%%:   79-block  3
call   14 never executed
call   15 never executed
branch 16 never executed (fallthrough)
branch 17 never executed (throw)
    %%%%%:   79-block  4
call   18 never executed
branch 19 never executed (fallthrough)
branch 20 never executed (throw)
    %%%%%:   79-block  5
call   21 never executed
call   22 never executed
call   23 never executed
        1:   79-block  6
call   24 returned 1
    $$$$$:   79-block  7
    $$$$$:   79-block  8
call   25 never executed
    $$$$$:   79-block  9
call   26 never executed
    $$$$$:   79-block 10
    $$$$$:   79-block 11
    $$$$$:   79-block 12
call   27 never executed
    $$$$$:   79-block 13
    $$$$$:   79-block 14
call   28 never executed
        -:   80:
        1:   81:    obj_3->push_back(1);
call    0 returned 1
call    1 returned 1
       1*:   82:    EXPECT_TRUE(obj_3->operator[](36));
call    0 returned 1
call    1 returned 1
branch  2 taken 1 (fallthrough)
branch  3 taken 0 (throw)
        1:   82-block  0
call    4 returned 1
call    5 returned 1
branch  6 taken 0 (fallthrough)
branch  7 taken 1
    %%%%%:   82-block  1
call    8 never executed
branch  9 never executed (fallthrough)
branch 10 never executed (throw)
    %%%%%:   82-block  2
call   11 never executed
branch 12 never executed (fallthrough)
branch 13 never executed (throw)
    %%%%%:   82-block  3
call   14 never executed
call   15 never executed
branch 16 never executed (fallthrough)
branch 17 never executed (throw)
    %%%%%:   82-block  4
call   18 never executed
branch 19 never executed (fallthrough)
branch 20 never executed (throw)
    %%%%%:   82-block  5
call   21 never executed
call   22 never executed
call   23 never executed
        1:   82-block  6
call   24 returned 1
    $$$$$:   82-block  7
    $$$$$:   82-block  8
call   25 never executed
    $$$$$:   82-block  9
call   26 never executed
    $$$$$:   82-block 10
    $$$$$:   82-block 11
    $$$$$:   82-block 12
call   27 never executed
    $$$$$:   82-block 13
    $$$$$:   82-block 14
call   28 never executed
        -:   83:
        1:   84:    obj_3->push_back(0);
call    0 returned 1
call    1 returned 1
       1*:   85:    EXPECT_FALSE(obj_3->operator[](37));
call    0 returned 1
call    1 returned 1
branch  2 taken 1 (fallthrough)
branch  3 taken 0 (throw)
        1:   85-block  0
call    4 returned 1
call    5 returned 1
branch  6 taken 0 (fallthrough)
branch  7 taken 1
    %%%%%:   85-block  1
call    8 never executed
branch  9 never executed (fallthrough)
branch 10 never executed (throw)
    %%%%%:   85-block  2
call   11 never executed
branch 12 never executed (fallthrough)
branch 13 never executed (throw)
    %%%%%:   85-block  3
call   14 never executed
call   15 never executed
branch 16 never executed (fallthrough)
branch 17 never executed (throw)
    %%%%%:   85-block  4
call   18 never executed
branch 19 never executed (fallthrough)
branch 20 never executed (throw)
    %%%%%:   85-block  5
call   21 never executed
call   22 never executed
call   23 never executed
        1:   85-block  6
call   24 returned 1
    $$$$$:   85-block  7
    $$$$$:   85-block  8
call   25 never executed
    $$$$$:   85-block  9
call   26 never executed
    $$$$$:   85-block 10
    $$$$$:   85-block 11
    $$$$$:   85-block 12
call   27 never executed
    $$$$$:   85-block 13
    $$$$$:   85-block 14
call   28 never executed
        -:   86:
        1:   87:    obj_3->resize(4);
call    0 returned 1
call    1 returned 1
       1*:   88:    EXPECT_EQ(obj_3->to_string(), "1110");
call    0 returned 1
call    1 returned 1
branch  2 taken 1 (fallthrough)
branch  3 taken 0 (throw)
        1:   88-block  0
call    4 returned 1
branch  5 taken 1 (fallthrough)
branch  6 taken 0 (throw)
        1:   88-block  1
call    7 returned 1
call    8 returned 1
branch  9 taken 0 (fallthrough)
branch 10 taken 1
    %%%%%:   88-block  2
call   11 never executed
branch 12 never executed (fallthrough)
branch 13 never executed (throw)
    %%%%%:   88-block  3
call   14 never executed
call   15 never executed
branch 16 never executed (fallthrough)
branch 17 never executed (throw)
    %%%%%:   88-block  4
call   18 never executed
branch 19 never executed (fallthrough)
branch 20 never executed (throw)
    %%%%%:   88-block  5
call   21 never executed
call   22 never executed
        1:   88-block  6
call   23 returned 1
    $$$$$:   88-block  7
call   24 never executed
    $$$$$:   88-block  8
    $$$$$:   88-block  9
call   25 never executed
    $$$$$:   88-block 10
    $$$$$:   88-block 11
call   26 never executed
    $$$$$:   88-block 12
    $$$$$:   88-block 13
call   27 never executed
        1:   89:}
------------------
        -:   90:
        4:   91:TEST_F(BitArrayTestBitOperations, bitoperations) {
        1:   92:    BitArray obj_3(operator&(*obj_1, *obj_2));
       1*:   93:    EXPECT_EQ(obj_3.to_string(), "10010010");
        -:   94:
        1:   95:    obj_3.operator=(operator|(*obj_1, *obj_2));
       1*:   96:    EXPECT_EQ(obj_3.to_string(), "10011110");
        -:   97:
        1:   98:    obj_3.operator=(operator^(*obj_1, *obj_2));
       1*:   99:    EXPECT_EQ(obj_3.to_string(), "00001100");
        -:  100:
       1*:  101:    EXPECT_TRUE(operator!=(*obj_1, *obj_2));
        -:  102:
        1:  103:}
------------------
_ZN44BitArrayTestBitOperations_bitoperations_TestC1Ev:
function _ZN44BitArrayTestBitOperations_bitoperations_TestC1Ev called 1 returned 100% blocks executed 100%
        1:   91:TEST_F(BitArrayTestBitOperations, bitoperations) {
        1:   91-block  0
call    0 returned 1
------------------
_ZN44BitArrayTestBitOperations_bitoperations_TestD0Ev:
function _ZN44BitArrayTestBitOperations_bitoperations_TestD0Ev called 1 returned 100% blocks executed 100%
        1:   91:TEST_F(BitArrayTestBitOperations, bitoperations) {
        1:   91-block  0
call    0 returned 1
call    1 returned 1
------------------
_ZN44BitArrayTestBitOperations_bitoperations_TestD1Ev:
function _ZN44BitArrayTestBitOperations_bitoperations_TestD1Ev called 1 returned 100% blocks executed 100%
        1:   91:TEST_F(BitArrayTestBitOperations, bitoperations) {
        1:   91-block  0
call    0 returned 1
------------------
_ZN44BitArrayTestBitOperations_bitoperations_Test8TestBodyEv:
function _ZN44BitArrayTestBitOperations_bitoperations_Test8TestBodyEv called 1 returned 100% blocks executed 32%
        1:   91:TEST_F(BitArrayTestBitOperations, bitoperations) {
        1:   92:    BitArray obj_3(operator&(*obj_1, *obj_2));
        1:   92-block  0
call    0 returned 1
call    1 returned 1
call    2 returned 1
branch  3 taken 1 (fallthrough)
branch  4 taken 0 (throw)
       1*:   93:    EXPECT_EQ(obj_3.to_string(), "10010010");
        1:   93-block  0
call    0 returned 1
branch  1 taken 1 (fallthrough)
branch  2 taken 0 (throw)
        1:   93-block  1
call    3 returned 1
branch  4 taken 1 (fallthrough)
branch  5 taken 0 (throw)
        1:   93-block  2
call    6 returned 1
call    7 returned 1
branch  8 taken 0 (fallthrough)
branch  9 taken 1
    %%%%%:   93-block  3
call   10 never executed
branch 11 never executed (fallthrough)
branch 12 never executed (throw)
    %%%%%:   93-block  4
call   13 never executed
call   14 never executed
branch 15 never executed (fallthrough)
branch 16 never executed (throw)
    %%%%%:   93-block  5
call   17 never executed
branch 18 never executed (fallthrough)
branch 19 never executed (throw)
    %%%%%:   93-block  6
call   20 never executed
call   21 never executed
        1:   93-block  7
call   22 returned 1
    $$$$$:   93-block  8
call   23 never executed
    $$$$$:   93-block  9
    $$$$$:   93-block 10
call   24 never executed
    $$$$$:   93-block 11
    $$$$$:   93-block 12
call   25 never executed
    $$$$$:   93-block 13
    $$$$$:   93-block 14
call   26 never executed
        -:   94:
        1:   95:    obj_3.operator=(operator|(*obj_1, *obj_2));
call    0 returned 1
call    1 returned 1
call    2 returned 1
branch  3 taken 1 (fallthrough)
branch  4 taken 0 (throw)
        1:   95-block  0
call    5 returned 1
branch  6 taken 1 (fallthrough)
branch  7 taken 0 (throw)
        1:   95-block  1
call    8 returned 1
    $$$$$:   95-block  2
call    9 never executed
    $$$$$:   95-block  3
       1*:   96:    EXPECT_EQ(obj_3.to_string(), "10011110");
call    0 returned 1
branch  1 taken 1 (fallthrough)
branch  2 taken 0 (throw)
        1:   96-block  0
call    3 returned 1
branch  4 taken 1 (fallthrough)
branch  5 taken 0 (throw)
        1:   96-block  1
call    6 returned 1
call    7 returned 1
branch  8 taken 0 (fallthrough)
branch  9 taken 1
    %%%%%:   96-block  2
call   10 never executed
branch 11 never executed (fallthrough)
branch 12 never executed (throw)
    %%%%%:   96-block  3
call   13 never executed
call   14 never executed
branch 15 never executed (fallthrough)
branch 16 never executed (throw)
    %%%%%:   96-block  4
call   17 never executed
branch 18 never executed (fallthrough)
branch 19 never executed (throw)
    %%%%%:   96-block  5
call   20 never executed
call   21 never executed
        1:   96-block  6
call   22 returned 1
    $$$$$:   96-block  7
call   23 never executed
    $$$$$:   96-block  8
    $$$$$:   96-block  9
call   24 never executed
    $$$$$:   96-block 10
    $$$$$:   96-block 11
call   25 never executed
    $$$$$:   96-block 12
    $$$$$:   96-block 13
call   26 never executed
        -:   97:
        1:   98:    obj_3.operator=(operator^(*obj_1, *obj_2));
call    0 returned 1
call    1 returned 1
call    2 returned 1
branch  3 taken 1 (fallthrough)
branch  4 taken 0 (throw)
        1:   98-block  0
call    5 returned 1
branch  6 taken 1 (fallthrough)
branch  7 taken 0 (throw)
        1:   98-block  1
call    8 returned 1
    $$$$$:   98-block  2
call    9 never executed
    $$$$$:   98-block  3
       1*:   99:    EXPECT_EQ(obj_3.to_string(), "00001100");
call    0 returned 1
branch  1 taken 1 (fallthrough)
branch  2 taken 0 (throw)
        1:   99-block  0
call    3 returned 1
branch  4 taken 1 (fallthrough)
branch  5 taken 0 (throw)
        1:   99-block  1
call    6 returned 1
call    7 returned 1
branch  8 taken 0 (fallthrough)
branch  9 taken 1
    %%%%%:   99-block  2
call   10 never executed
branch 11 never executed (fallthrough)
branch 12 never executed (throw)
    %%%%%:   99-block  3
call   13 never executed
call   14 never executed
branch 15 never executed (fallthrough)
branch 16 never executed (throw)
    %%%%%:   99-block  4
call   17 never executed
branch 18 never executed (fallthrough)
branch 19 never executed (throw)
    %%%%%:   99-block  5
call   20 never executed
call   21 never executed
        1:   99-block  6
call   22 returned 1
    $$$$$:   99-block  7
call   23 never executed
    $$$$$:   99-block  8
    $$$$$:   99-block  9
call   24 never executed
    $$$$$:   99-block 10
    $$$$$:   99-block 11
call   25 never executed
    $$$$$:   99-block 12
    $$$$$:   99-block 13
call   26 never executed
        -:  100:
       1*:  101:    EXPECT_TRUE(operator!=(*obj_1, *obj_2));
call    0 returned 1
call    1 returned 1
call    2 returned 1
branch  3 taken 1 (fallthrough)
branch  4 taken 0 (throw)
        1:  101-block  0
call    5 returned 1
call    6 returned 1
branch  7 taken 0 (fallthrough)
branch  8 taken 1
    %%%%%:  101-block  1
call    9 never executed
branch 10 never executed (fallthrough)
branch 11 never executed (throw)
    %%%%%:  101-block  2
call   12 never executed
branch 13 never executed (fallthrough)
branch 14 never executed (throw)
    %%%%%:  101-block  3
call   15 never executed
call   16 never executed
branch 17 never executed (fallthrough)
branch 18 never executed (throw)
    %%%%%:  101-block  4
call   19 never executed
branch 20 never executed (fallthrough)
branch 21 never executed (throw)
    %%%%%:  101-block  5
call   22 never executed
call   23 never executed
call   24 never executed
        1:  101-block  6
call   25 returned 1
    $$$$$:  101-block  7
    $$$$$:  101-block  8
call   26 never executed
    $$$$$:  101-block  9
call   27 never executed
    $$$$$:  101-block 10
    $$$$$:  101-block 11
    $$$$$:  101-block 12
call   28 never executed
    $$$$$:  101-block 13
    $$$$$:  101-block 14
call   29 never executed
        -:  102:
        1:  103:}
call    0 returned 1
    $$$$$:  103-block  0
call    1 never executed
------------------
        -:  104:
        4:  105:TEST_F(BitArrayTestShift, testshift) {
        1:  106:    BitArray obj_2(obj_1->operator>>(4));
       1*:  107:    EXPECT_EQ(obj_2.to_string(), string_with_shift_right);
        -:  108:
        2:  109:    BitArray obj_3(obj_2.operator<<(4));
       1*:  110:    EXPECT_EQ(obj_3.to_string(), string_with_shift_left);
        1:  111:}
------------------
_ZN32BitArrayTestShift_testshift_TestC1Ev:
function _ZN32BitArrayTestShift_testshift_TestC1Ev called 1 returned 100% blocks executed 100%
        1:  105:TEST_F(BitArrayTestShift, testshift) {
        1:  105-block  0
call    0 returned 1
------------------
_ZN32BitArrayTestShift_testshift_TestD0Ev:
function _ZN32BitArrayTestShift_testshift_TestD0Ev called 1 returned 100% blocks executed 100%
        1:  105:TEST_F(BitArrayTestShift, testshift) {
        1:  105-block  0
call    0 returned 1
call    1 returned 1
------------------
_ZN32BitArrayTestShift_testshift_TestD1Ev:
function _ZN32BitArrayTestShift_testshift_TestD1Ev called 1 returned 100% blocks executed 100%
        1:  105:TEST_F(BitArrayTestShift, testshift) {
        1:  105-block  0
call    0 returned 1
------------------
_ZN32BitArrayTestShift_testshift_Test8TestBodyEv:
function _ZN32BitArrayTestShift_testshift_Test8TestBodyEv called 1 returned 100% blocks executed 31%
        1:  105:TEST_F(BitArrayTestShift, testshift) {
        1:  106:    BitArray obj_2(obj_1->operator>>(4));
        1:  106-block  0
call    0 returned 1
call    1 returned 1
branch  2 taken 1 (fallthrough)
branch  3 taken 0 (throw)
       1*:  107:    EXPECT_EQ(obj_2.to_string(), string_with_shift_right);
        1:  107-block  0
call    0 returned 1
branch  1 taken 1 (fallthrough)
branch  2 taken 0 (throw)
        1:  107-block  1
call    3 returned 1
branch  4 taken 1 (fallthrough)
branch  5 taken 0 (throw)
        1:  107-block  2
call    6 returned 1
call    7 returned 1
branch  8 taken 0 (fallthrough)
branch  9 taken 1
    %%%%%:  107-block  3
call   10 never executed
branch 11 never executed (fallthrough)
branch 12 never executed (throw)
    %%%%%:  107-block  4
call   13 never executed
call   14 never executed
branch 15 never executed (fallthrough)
branch 16 never executed (throw)
    %%%%%:  107-block  5
call   17 never executed
branch 18 never executed (fallthrough)
branch 19 never executed (throw)
    %%%%%:  107-block  6
call   20 never executed
call   21 never executed
        1:  107-block  7
call   22 returned 1
    $$$$$:  107-block  8
call   23 never executed
    $$$$$:  107-block  9
    $$$$$:  107-block 10
call   24 never executed
    $$$$$:  107-block 11
    $$$$$:  107-block 12
call   25 never executed
    $$$$$:  107-block 13
    $$$$$:  107-block 14
call   26 never executed
        -:  108:
        2:  109:    BitArray obj_3(obj_2.operator<<(4));
call    0 returned 1
branch  1 taken 1 (fallthrough)
branch  2 taken 0 (throw)
call    3 returned 1
    $$$$$:  109-block  0
call    4 never executed
       1*:  110:    EXPECT_EQ(obj_3.to_string(), string_with_shift_left);
        1:  110-block  0
call    0 returned 1
branch  1 taken 1 (fallthrough)
branch  2 taken 0 (throw)
        1:  110-block  1
call    3 returned 1
branch  4 taken 1 (fallthrough)
branch  5 taken 0 (throw)
        1:  110-block  2
call    6 returned 1
call    7 returned 1
branch  8 taken 0 (fallthrough)
branch  9 taken 1
    %%%%%:  110-block  3
call   10 never executed
branch 11 never executed (fallthrough)
branch 12 never executed (throw)
    %%%%%:  110-block  4
call   13 never executed
call   14 never executed
branch 15 never executed (fallthrough)
branch 16 never executed (throw)
    %%%%%:  110-block  5
call   17 never executed
branch 18 never executed (fallthrough)
branch 19 never executed (throw)
    %%%%%:  110-block  6
call   20 never executed
call   21 never executed
        1:  110-block  7
call   22 returned 1
    $$$$$:  110-block  8
call   23 never executed
    $$$$$:  110-block  9
    $$$$$:  110-block 10
call   24 never executed
    $$$$$:  110-block 11
    $$$$$:  110-block 12
call   25 never executed
    $$$$$:  110-block 13
    $$$$$:  110-block 14
call   26 never executed
        1:  111:}
call    0 returned 1
    $$$$$:  111-block  0
call    1 never executed
------------------
        -:  112:
        4:  113:TEST_F(BitArrayTestSetBits, testsetbits) {
        1:  114:    obj_1->reset(0);
       1*:  115:    EXPECT_FALSE(obj_1->operator[](1));
        -:  116:
        1:  117:    obj_1->set();
       1*:  118:    EXPECT_EQ(obj_1->count(), 38);
        -:  119:
       1*:  120:    EXPECT_TRUE(obj_1->any());
        -:  121:
        1:  122:    obj_1->reset();
        -:  123:
       1*:  124:    EXPECT_EQ(obj_1->to_string(), all_zero);
        -:  125:
       1*:  126:    EXPECT_TRUE(obj_1->none());
        -:  127:
        2:  128:    BitArray obj_2(obj_1->operator~());
        -:  129:
       1*:  130:    EXPECT_EQ(obj_2.count(), 38);
        -:  131:
       1*:  132:    EXPECT_EQ(obj_1->size(), 38);
        -:  133:
       1*:  134:    EXPECT_FALSE(obj_1->empty());
        -:  135:
        -:  136:
        -:  137:
        -:  138:
        1:  139:}
------------------
_ZN36BitArrayTestSetBits_testsetbits_TestC1Ev:
function _ZN36BitArrayTestSetBits_testsetbits_TestC1Ev called 1 returned 100% blocks executed 100%
        1:  113:TEST_F(BitArrayTestSetBits, testsetbits) {
        1:  113-block  0
call    0 returned 1
------------------
_ZN36BitArrayTestSetBits_testsetbits_TestD0Ev:
function _ZN36BitArrayTestSetBits_testsetbits_TestD0Ev called 1 returned 100% blocks executed 100%
        1:  113:TEST_F(BitArrayTestSetBits, testsetbits) {
        1:  113-block  0
call    0 returned 1
call    1 returned 1
------------------
_ZN36BitArrayTestSetBits_testsetbits_TestD1Ev:
function _ZN36BitArrayTestSetBits_testsetbits_TestD1Ev called 1 returned 100% blocks executed 100%
        1:  113:TEST_F(BitArrayTestSetBits, testsetbits) {
        1:  113-block  0
call    0 returned 1
------------------
_ZN36BitArrayTestSetBits_testsetbits_Test8TestBodyEv:
function _ZN36BitArrayTestSetBits_testsetbits_Test8TestBodyEv called 1 returned 100% blocks executed 27%
        1:  113:TEST_F(BitArrayTestSetBits, testsetbits) {
        1:  114:    obj_1->reset(0);
        1:  114-block  0
call    0 returned 1
call    1 returned 1
branch  2 taken 1 (fallthrough)
branch  3 taken 0 (throw)
       1*:  115:    EXPECT_FALSE(obj_1->operator[](1));
        1:  115-block  0
call    0 returned 1
call    1 returned 1
branch  2 taken 1 (fallthrough)
branch  3 taken 0 (throw)
        1:  115-block  1
call    4 returned 1
call    5 returned 1
branch  6 taken 0 (fallthrough)
branch  7 taken 1
    %%%%%:  115-block  2
call    8 never executed
branch  9 never executed (fallthrough)
branch 10 never executed (throw)
    %%%%%:  115-block  3
call   11 never executed
branch 12 never executed (fallthrough)
branch 13 never executed (throw)
    %%%%%:  115-block  4
call   14 never executed
call   15 never executed
branch 16 never executed (fallthrough)
branch 17 never executed (throw)
    %%%%%:  115-block  5
call   18 never executed
branch 19 never executed (fallthrough)
branch 20 never executed (throw)
    %%%%%:  115-block  6
call   21 never executed
call   22 never executed
call   23 never executed
        1:  115-block  7
call   24 returned 1
    $$$$$:  115-block  8
    $$$$$:  115-block  9
call   25 never executed
    $$$$$:  115-block 10
call   26 never executed
    $$$$$:  115-block 11
    $$$$$:  115-block 12
    $$$$$:  115-block 13
call   27 never executed
    $$$$$:  115-block 14
    $$$$$:  115-block 15
call   28 never executed
        -:  116:
        1:  117:    obj_1->set();
call    0 returned 1
call    1 returned 1
branch  2 taken 1 (fallthrough)
branch  3 taken 0 (throw)
       1*:  118:    EXPECT_EQ(obj_1->count(), 38);
        1:  118-block  0
call    0 returned 1
call    1 returned 1
branch  2 taken 1 (fallthrough)
branch  3 taken 0 (throw)
        1:  118-block  1
call    4 returned 1
branch  5 taken 1 (fallthrough)
branch  6 taken 0 (throw)
        1:  118-block  2
call    7 returned 1
branch  8 taken 0 (fallthrough)
branch  9 taken 1
    %%%%%:  118-block  3
call   10 never executed
branch 11 never executed (fallthrough)
branch 12 never executed (throw)
    %%%%%:  118-block  4
call   13 never executed
call   14 never executed
branch 15 never executed (fallthrough)
branch 16 never executed (throw)
    %%%%%:  118-block  5
call   17 never executed
branch 18 never executed (fallthrough)
branch 19 never executed (throw)
    %%%%%:  118-block  6
call   20 never executed
call   21 never executed
        1:  118-block  7
call   22 returned 1
    $$$$$:  118-block  8
    $$$$$:  118-block  9
    $$$$$:  118-block 10
call   23 never executed
    $$$$$:  118-block 11
    $$$$$:  118-block 12
call   24 never executed
    $$$$$:  118-block 13
    $$$$$:  118-block 14
call   25 never executed
        -:  119:
       1*:  120:    EXPECT_TRUE(obj_1->any());
call    0 returned 1
call    1 returned 1
branch  2 taken 1 (fallthrough)
branch  3 taken 0 (throw)
        1:  120-block  0
call    4 returned 1
call    5 returned 1
branch  6 taken 0 (fallthrough)
branch  7 taken 1
    %%%%%:  120-block  1
call    8 never executed
branch  9 never executed (fallthrough)
branch 10 never executed (throw)
    %%%%%:  120-block  2
call   11 never executed
branch 12 never executed (fallthrough)
branch 13 never executed (throw)
    %%%%%:  120-block  3
call   14 never executed
call   15 never executed
branch 16 never executed (fallthrough)
branch 17 never executed (throw)
    %%%%%:  120-block  4
call   18 never executed
branch 19 never executed (fallthrough)
branch 20 never executed (throw)
    %%%%%:  120-block  5
call   21 never executed
call   22 never executed
call   23 never executed
        1:  120-block  6
call   24 returned 1
    $$$$$:  120-block  7
    $$$$$:  120-block  8
call   25 never executed
    $$$$$:  120-block  9
call   26 never executed
    $$$$$:  120-block 10
    $$$$$:  120-block 11
    $$$$$:  120-block 12
call   27 never executed
    $$$$$:  120-block 13
    $$$$$:  120-block 14
call   28 never executed
        -:  121:
        1:  122:    obj_1->reset();
call    0 returned 1
call    1 returned 1
branch  2 taken 1 (fallthrough)
branch  3 taken 0 (throw)
        -:  123:
       1*:  124:    EXPECT_EQ(obj_1->to_string(), all_zero);
        1:  124-block  0
call    0 returned 1
call    1 returned 1
branch  2 taken 1 (fallthrough)
branch  3 taken 0 (throw)
        1:  124-block  1
call    4 returned 1
branch  5 taken 1 (fallthrough)
branch  6 taken 0 (throw)
        1:  124-block  2
call    7 returned 1
call    8 returned 1
branch  9 taken 0 (fallthrough)
branch 10 taken 1
    %%%%%:  124-block  3
call   11 never executed
branch 12 never executed (fallthrough)
branch 13 never executed (throw)
    %%%%%:  124-block  4
call   14 never executed
call   15 never executed
branch 16 never executed (fallthrough)
branch 17 never executed (throw)
    %%%%%:  124-block  5
call   18 never executed
branch 19 never executed (fallthrough)
branch 20 never executed (throw)
    %%%%%:  124-block  6
call   21 never executed
call   22 never executed
        1:  124-block  7
call   23 returned 1
    $$$$$:  124-block  8
call   24 never executed
    $$$$$:  124-block  9
    $$$$$:  124-block 10
call   25 never executed
    $$$$$:  124-block 11
    $$$$$:  124-block 12
call   26 never executed
    $$$$$:  124-block 13
    $$$$$:  124-block 14
call   27 never executed
        -:  125:
       1*:  126:    EXPECT_TRUE(obj_1->none());
call    0 returned 1
call    1 returned 1
branch  2 taken 1 (fallthrough)
branch  3 taken 0 (throw)
        1:  126-block  0
call    4 returned 1
call    5 returned 1
branch  6 taken 0 (fallthrough)
branch  7 taken 1
    %%%%%:  126-block  1
call    8 never executed
branch  9 never executed (fallthrough)
branch 10 never executed (throw)
    %%%%%:  126-block  2
call   11 never executed
branch 12 never executed (fallthrough)
branch 13 never executed (throw)
    %%%%%:  126-block  3
call   14 never executed
call   15 never executed
branch 16 never executed (fallthrough)
branch 17 never executed (throw)
    %%%%%:  126-block  4
call   18 never executed
branch 19 never executed (fallthrough)
branch 20 never executed (throw)
    %%%%%:  126-block  5
call   21 never executed
call   22 never executed
call   23 never executed
        1:  126-block  6
call   24 returned 1
    $$$$$:  126-block  7
    $$$$$:  126-block  8
call   25 never executed
    $$$$$:  126-block  9
call   26 never executed
    $$$$$:  126-block 10
    $$$$$:  126-block 11
    $$$$$:  126-block 12
call   27 never executed
    $$$$$:  126-block 13
    $$$$$:  126-block 14
call   28 never executed
        -:  127:
        2:  128:    BitArray obj_2(obj_1->operator~());
call    0 returned 1
call    1 returned 1
branch  2 taken 1 (fallthrough)
branch  3 taken 0 (throw)
call    4 returned 1
    $$$$$:  128-block  0
call    5 never executed
        -:  129:
       1*:  130:    EXPECT_EQ(obj_2.count(), 38);
        1:  130-block  0
call    0 returned 1
branch  1 taken 1 (fallthrough)
branch  2 taken 0 (throw)
        1:  130-block  1
call    3 returned 1
branch  4 taken 1 (fallthrough)
branch  5 taken 0 (throw)
        1:  130-block  2
call    6 returned 1
branch  7 taken 0 (fallthrough)
branch  8 taken 1
    %%%%%:  130-block  3
call    9 never executed
branch 10 never executed (fallthrough)
branch 11 never executed (throw)
    %%%%%:  130-block  4
call   12 never executed
call   13 never executed
branch 14 never executed (fallthrough)
branch 15 never executed (throw)
    %%%%%:  130-block  5
call   16 never executed
branch 17 never executed (fallthrough)
branch 18 never executed (throw)
    %%%%%:  130-block  6
call   19 never executed
call   20 never executed
        1:  130-block  7
call   21 returned 1
    $$$$$:  130-block  8
    $$$$$:  130-block  9
    $$$$$:  130-block 10
call   22 never executed
    $$$$$:  130-block 11
    $$$$$:  130-block 12
call   23 never executed
    $$$$$:  130-block 13
    $$$$$:  130-block 14
call   24 never executed
        -:  131:
       1*:  132:    EXPECT_EQ(obj_1->size(), 38);
call    0 returned 1
call    1 returned 1
branch  2 taken 1 (fallthrough)
branch  3 taken 0 (throw)
        1:  132-block  0
call    4 returned 1
branch  5 taken 1 (fallthrough)
branch  6 taken 0 (throw)
        1:  132-block  1
call    7 returned 1
branch  8 taken 0 (fallthrough)
branch  9 taken 1
    %%%%%:  132-block  2
call   10 never executed
branch 11 never executed (fallthrough)
branch 12 never executed (throw)
    %%%%%:  132-block  3
call   13 never executed
call   14 never executed
branch 15 never executed (fallthrough)
branch 16 never executed (throw)
    %%%%%:  132-block  4
call   17 never executed
branch 18 never executed (fallthrough)
branch 19 never executed (throw)
    %%%%%:  132-block  5
call   20 never executed
call   21 never executed
        1:  132-block  6
call   22 returned 1
    $$$$$:  132-block  7
    $$$$$:  132-block  8
    $$$$$:  132-block  9
call   23 never executed
    $$$$$:  132-block 10
    $$$$$:  132-block 11
call   24 never executed
    $$$$$:  132-block 12
    $$$$$:  132-block 13
call   25 never executed
        -:  133:
       1*:  134:    EXPECT_FALSE(obj_1->empty());
call    0 returned 1
call    1 returned 1
branch  2 taken 1 (fallthrough)
branch  3 taken 0 (throw)
        1:  134-block  0
call    4 returned 1
call    5 returned 1
branch  6 taken 0 (fallthrough)
branch  7 taken 1
    %%%%%:  134-block  1
call    8 never executed
branch  9 never executed (fallthrough)
branch 10 never executed (throw)
    %%%%%:  134-block  2
call   11 never executed
branch 12 never executed (fallthrough)
branch 13 never executed (throw)
    %%%%%:  134-block  3
call   14 never executed
call   15 never executed
branch 16 never executed (fallthrough)
branch 17 never executed (throw)
    %%%%%:  134-block  4
call   18 never executed
branch 19 never executed (fallthrough)
branch 20 never executed (throw)
    %%%%%:  134-block  5
call   21 never executed
call   22 never executed
call   23 never executed
        1:  134-block  6
call   24 returned 1
    $$$$$:  134-block  7
    $$$$$:  134-block  8
call   25 never executed
    $$$$$:  134-block  9
call   26 never executed
    $$$$$:  134-block 10
    $$$$$:  134-block 11
    $$$$$:  134-block 12
call   27 never executed
    $$$$$:  134-block 13
    $$$$$:  134-block 14
call   28 never executed
        -:  135:
        -:  136:
        -:  137:
        -:  138:
        1:  139:}
------------------
